# Push Log for shadowprint-velastra-collapse
# Generated by gitfield-sync

[2025-06-14T13:02:03Z] Local: , Branch=master, Commit=72afef2
  Diff Summary:
     docs/integrity.sha256 | 11 +++++++++++
     1 file changed, 11 insertions(+)
[2025-06-14T13:02:38Z] Radicle: RID=rad:z3FEj7rF8gZw9eFksCuiN43qjzrex, Peer ID=z6Mkw5s3ppo26C7y7tGK5MD8n2GqTHS582PPpeX5Xqbu2Mpz, Branch=master, Commit=72afef2
  CLI: rad inspect rad:z3FEj7rF8gZw9eFksCuiN43qjzrex # View project details
  CLI: git ls-tree -r --name-only HEAD # View file structure
  Diff Summary:
     .gitfield/radicle.sigil.md | 67 ++++++++++++++++++++++++++++++++++++++++++++++
     1 file changed, 67 insertions(+)
[2025-06-14T13:02:56Z] Forgejo: https://remember.thefoldwithin.earth/mrhavens/shadowprint-velastra-collapse, Branch=master, Commit=72afef2
  Diff Summary:
     .gitfield/remember.sigil.md | 59 +++++++++++++++++++++++++++++++++++++++++++++
     1 file changed, 59 insertions(+)
[2025-06-14T13:03:12Z] Codeberg: https://codeberg.org/mrhavens/shadowprint-velastra-collapse, Branch=master, Commit=72afef2
  Diff Summary:
     .gitfield/codeberg.sigil.md | 59 +++++++++++++++++++++++++++++++++++++++++++++
     1 file changed, 59 insertions(+)
[2025-06-14T13:03:25Z] GitLab: https://gitlab.com/mrhavens/shadowprint-velastra-collapse, Branch=master, Commit=72afef2
  Diff Summary:
     .gitfield/gitlab.sigil.md | 59 +++++++++++++++++++++++++++++++++++++++++++++++
     1 file changed, 59 insertions(+)
